<?xml version="1.0" encoding="UTF-8"?>
<!-- Generated by org.testng.reporters.JUnitReportReporter -->
<testsuite hostname="LHTU05CG84251TZ" name="com.fp.service.client.testcases.ProviderServicesTestSuite" tests="1" failures="0" timestamp="5 Apr 2020 20:11:54 GMT" time="1.622" errors="0">
  <testcase name="ProviderDetails" time="1.622" classname="com.fp.service.client.testcases.ProviderServicesTestSuite"/>
</testsuite> <!-- com.fp.service.client.testcases.ProviderServicesTestSuite -->
