<?xml version="1.0" encoding="UTF-8"?>
<!-- Generated by org.testng.reporters.JUnitReportReporter -->
<testsuite hostname="LHTU05CG84251TZ" name="com.fp.service.client.tests.ProviderServicesTestSuite" tests="1" failures="0" timestamp="4 Apr 2020 19:33:41 GMT" time="17.984" errors="1">
  <testcase name="ProviderDetails" time="17.984" classname="com.fp.service.client.tests.ProviderServicesTestSuite">
    <error type="java.lang.ClassCastException" message="java.lang.Integer cannot be cast to java.lang.String">
      <![CDATA[java.lang.ClassCastException: java.lang.Integer cannot be cast to java.lang.String
	at com.fp.service.client.tests.ProviderServicesTestSuite.ProviderDetails(ProviderServicesTestSuite.java:50)
	at sun.reflect.NativeMethodAccessorImpl.invoke0(Native Method)
	at sun.reflect.NativeMethodAccessorImpl.invoke(NativeMethodAccessorImpl.java:62)
	at sun.reflect.DelegatingMethodAccessorImpl.invoke(DelegatingMethodAccessorImpl.java:43)
	at java.lang.reflect.Method.invoke(Method.java:498)
	at org.testng.internal.MethodInvocationHelper.invokeMethod(MethodInvocationHelper.java:86)
	at org.testng.internal.Invoker.invokeMethod(Invoker.java:646)
	at org.testng.internal.Invoker.invokeTestMethod(Invoker.java:823)
	at org.testng.internal.Invoker.invokeTestMethods(Invoker.java:1131)
	at org.testng.internal.TestMethodWorker.invokeTestMethods(TestMethodWorker.java:129)
	at org.testng.internal.TestMethodWorker.run(TestMethodWorker.java:112)
	at java.util.concurrent.ThreadPoolExecutor.runWorker(ThreadPoolExecutor.java:1149)
	at java.util.concurrent.ThreadPoolExecutor$Worker.run(ThreadPoolExecutor.java:624)
	at java.lang.Thread.run(Thread.java:748)
]]>
    </error>
  </testcase> <!-- ProviderDetails -->
</testsuite> <!-- com.fp.service.client.tests.ProviderServicesTestSuite -->
