<?xml version="1.0" encoding="UTF-8"?>
<!-- Generated by org.testng.reporters.JUnitReportReporter -->
<testsuite hostname="LHTU05CG84251TZ" name="com.fp.service.client.testcases.ProviderServicesTestSuite" tests="1" failures="0" timestamp="5 Apr 2020 01:50:48 GMT" time="25.626" errors="0">
  <testcase name="ProviderDetails" time="25.626" classname="com.fp.service.client.testcases.ProviderServicesTestSuite"/>
</testsuite> <!-- com.fp.service.client.testcases.ProviderServicesTestSuite -->
